# JRE version: OpenJDK Runtime Environment Temurin-21.0.9+10 (21.0.9+10) (build 21.0.9+10-LTS)
# Java VM: OpenJDK 64-Bit Server VM Temurin-21.0.9+10 (21.0.9+10-LTS, mixed mode, sharing, tiered, compressed oops, compressed class ptrs, parallel gc, windows-amd64)
GC Precious Log:
 CardTable entry size: 512
 CPUs: 4 total, 4 available
 Memory: 7549M
 Large Page Support: Disabled
 NUMA Support: Disabled
 Compressed Oops: Enabled (32-bit)
 Alignments: Space 512K, Generation 512K, Heap 2M
 Heap Min Capacity: 100M
 Heap Initial Capacity: 100M
 Heap Max Capacity: 2G
 Pre-touch: Disabled
 Parallel Workers: 4
Heap:
 PSYoungGen      total 23040K, used 19227K [0x00000000d5580000, 0x00000000d7480000, 0x0000000100000000)
  eden space 22016K, 82% used [0x00000000d5580000,0x00000000d6747a50,0x00000000d6b00000)
  from space 1024K, 99% used [0x00000000d7380000,0x00000000d747f308,0x00000000d7480000)
  to   space 2560K, 0% used [0x00000000d6f80000,0x00000000d6f80000,0x00000000d7200000)
 ParOldGen       total 68608K, used 44301K [0x0000000080000000, 0x0000000084300000, 0x00000000d5580000)
  object space 68608K, 64% used [0x0000000080000000,0x0000000082b43458,0x0000000084300000)
 Metaspace       used 69202K, committed 70592K, reserved 1114112K
  class space    used 8687K, committed 9280K, reserved 1048576K
GC Heap History (20 events):
Event: 52.845 GC heap before
{Heap before GC invocations=36 (full 3):
 PSYoungGen      total 22528K, used 22400K [0x00000000d5580000, 0x00000000d7600000, 0x0000000100000000)
  eden space 22016K, 100% used [0x00000000d5580000,0x00000000d6b00000,0x00000000d6b00000)
  from space 512K, 75% used [0x00000000d7580000,0x00000000d75e0000,0x00000000d7600000)
  to   space 512K, 0% used [0x00000000d7500000,0x00000000d7500000,0x00000000d7580000)
 ParOldGen       total 68608K, used 41217K [0x0000000080000000, 0x0000000084300000, 0x00000000d5580000)
  object space 68608K, 60% used [0x0000000080000000,0x00000000828407d0,0x0000000084300000)
 Metaspace       used 64178K, committed 65536K, reserved 1114112K
  class space    used 8006K, committed 8576K, reserved 1048576K
}
Event: 52.846 GC heap after
{Heap after GC invocations=36 (full 3):
 PSYoungGen      total 22528K, used 496K [0x00000000d5580000, 0x00000000d7600000, 0x0000000100000000)
  eden space 22016K, 0% used [0x00000000d5580000,0x00000000d5580000,0x00000000d6b00000)
  from space 512K, 96% used [0x00000000d7500000,0x00000000d757c218,0x00000000d7580000)
  to   space 512K, 0% used [0x00000000d7580000,0x00000000d7580000,0x00000000d7600000)
 ParOldGen       total 68608K, used 41771K [0x0000000080000000, 0x0000000084300000, 0x00000000d5580000)
  object space 68608K, 60% used [0x0000000080000000,0x00000000828cad68,0x0000000084300000)
 Metaspace       used 64178K, committed 65536K, reserved 1114112K
  class space    used 8006K, committed 8576K, reserved 1048576K
}
Event: 53.122 GC heap before
{Heap before GC invocations=37 (full 3):
 PSYoungGen      total 22528K, used 22512K [0x00000000d5580000, 0x00000000d7600000, 0x0000000100000000)
  eden space 22016K, 100% used [0x00000000d5580000,0x00000000d6b00000,0x00000000d6b00000)
  from space 512K, 96% used [0x00000000d7500000,0x00000000d757c218,0x00000000d7580000)
  to   space 512K, 0% used [0x00000000d7580000,0x00000000d7580000,0x00000000d7600000)
 ParOldGen       total 68608K, used 41771K [0x0000000080000000, 0x0000000084300000, 0x00000000d5580000)
  object space 68608K, 60% used [0x0000000080000000,0x00000000828cad68,0x0000000084300000)
 Metaspace       used 64178K, committed 65536K, reserved 1114112K
  class space    used 8006K, committed 8576K, reserved 1048576K
}
Event: 53.123 GC heap after
{Heap after GC invocations=37 (full 3):
 PSYoungGen      total 22528K, used 509K [0x00000000d5580000, 0x00000000d7600000, 0x0000000100000000)
  eden space 22016K, 0% used [0x00000000d5580000,0x00000000d5580000,0x00000000d6b00000)
  from space 512K, 99% used [0x00000000d7580000,0x00000000d75ff628,0x00000000d7600000)
  to   space 1536K, 0% used [0x00000000d7300000,0x00000000d7300000,0x00000000d7480000)
 ParOldGen       total 68608K, used 42473K [0x0000000080000000, 0x0000000084300000, 0x00000000d5580000)
  object space 68608K, 61% used [0x0000000080000000,0x000000008297a4b0,0x0000000084300000)
 Metaspace       used 64178K, committed 65536K, reserved 1114112K
  class space    used 8006K, committed 8576K, reserved 1048576K
}
Event: 53.197 GC heap before
{Heap before GC invocations=38 (full 3):
 PSYoungGen      total 22528K, used 22525K [0x00000000d5580000, 0x00000000d7600000, 0x0000000100000000)
  eden space 22016K, 100% used [0x00000000d5580000,0x00000000d6b00000,0x00000000d6b00000)
  from space 512K, 99% used [0x00000000d7580000,0x00000000d75ff628,0x00000000d7600000)
  to   space 1536K, 0% used [0x00000000d7300000,0x00000000d7300000,0x00000000d7480000)
 ParOldGen       total 68608K, used 42473K [0x0000000080000000, 0x0000000084300000, 0x00000000d5580000)
  object space 68608K, 61% used [0x0000000080000000,0x000000008297a4b0,0x0000000084300000)
 Metaspace       used 64178K, committed 65536K, reserved 1114112K
  class space    used 8006K, committed 8576K, reserved 1048576K
}
Event: 53.198 GC heap after
{Heap after GC invocations=38 (full 3):
 PSYoungGen      total 23552K, used 1137K [0x00000000d5580000, 0x00000000d7600000, 0x0000000100000000)
  eden space 22016K, 0% used [0x00000000d5580000,0x00000000d5580000,0x00000000d6b00000)
  from space 1536K, 74% used [0x00000000d7300000,0x00000000d741c548,0x00000000d7480000)
  to   space 1536K, 0% used [0x00000000d7480000,0x00000000d7480000,0x00000000d7600000)
 ParOldGen       total 68608K, used 42529K [0x0000000080000000, 0x0000000084300000, 0x00000000d5580000)
  object space 68608K, 61% used [0x0000000080000000,0x00000000829884b0,0x0000000084300000)
 Metaspace       used 64178K, committed 65536K, reserved 1114112K
  class space    used 8006K, committed 8576K, reserved 1048576K
}
Event: 53.455 GC heap before
{Heap before GC invocations=39 (full 3):
 PSYoungGen      total 23552K, used 23153K [0x00000000d5580000, 0x00000000d7600000, 0x0000000100000000)
  eden space 22016K, 100% used [0x00000000d5580000,0x00000000d6b00000,0x00000000d6b00000)
  from space 1536K, 74% used [0x00000000d7300000,0x00000000d741c548,0x00000000d7480000)
  to   space 1536K, 0% used [0x00000000d7480000,0x00000000d7480000,0x00000000d7600000)
 ParOldGen       total 68608K, used 42529K [0x0000000080000000, 0x0000000084300000, 0x00000000d5580000)
  object space 68608K, 61% used [0x0000000080000000,0x00000000829884b0,0x0000000084300000)
 Metaspace       used 64178K, committed 65536K, reserved 1114112K
  class space    used 8006K, committed 8576K, reserved 1048576K
}
Event: 53.456 GC heap after
{Heap after GC invocations=39 (full 3):
 PSYoungGen      total 23552K, used 1045K [0x00000000d5580000, 0x00000000d7600000, 0x0000000100000000)
  eden space 22016K, 0% used [0x00000000d5580000,0x00000000d5580000,0x00000000d6b00000)
  from space 1536K, 68% used [0x00000000d7480000,0x00000000d75856e0,0x00000000d7600000)
  to   space 1536K, 0% used [0x00000000d7300000,0x00000000d7300000,0x00000000d7480000)
 ParOldGen       total 68608K, used 42585K [0x0000000080000000, 0x0000000084300000, 0x00000000d5580000)
  object space 68608K, 62% used [0x0000000080000000,0x00000000829964b0,0x0000000084300000)
 Metaspace       used 64178K, committed 65536K, reserved 1114112K
  class space    used 8006K, committed 8576K, reserved 1048576K
}
Event: 53.775 GC heap before
{Heap before GC invocations=40 (full 3):
 PSYoungGen      total 23552K, used 23061K [0x00000000d5580000, 0x00000000d7600000, 0x0000000100000000)
  eden space 22016K, 100% used [0x00000000d5580000,0x00000000d6b00000,0x00000000d6b00000)
  from space 1536K, 68% used [0x00000000d7480000,0x00000000d75856e0,0x00000000d7600000)
  to   space 1536K, 0% used [0x00000000d7300000,0x00000000d7300000,0x00000000d7480000)
 ParOldGen       total 68608K, used 42585K [0x0000000080000000, 0x0000000084300000, 0x00000000d5580000)
  object space 68608K, 62% used [0x0000000080000000,0x00000000829964b0,0x0000000084300000)
 Metaspace       used 64178K, committed 65536K, reserved 1114112K
  class space    used 8006K, committed 8576K, reserved 1048576K
}
Event: 53.776 GC heap after
{Heap after GC invocations=40 (full 3):
 PSYoungGen      total 23552K, used 1047K [0x00000000d5580000, 0x00000000d7500000, 0x0000000100000000)
  eden space 22016K, 0% used [0x00000000d5580000,0x00000000d5580000,0x00000000d6b00000)
  from space 1536K, 68% used [0x00000000d7300000,0x00000000d7405cf0,0x00000000d7480000)
  to   space 512K, 0% used [0x00000000d7480000,0x00000000d7480000,0x00000000d7500000)
 ParOldGen       total 68608K, used 42609K [0x0000000080000000, 0x0000000084300000, 0x00000000d5580000)
  object space 68608K, 62% used [0x0000000080000000,0x000000008299c4b0,0x0000000084300000)
 Metaspace       used 64178K, committed 65536K, reserved 1114112K
  class space    used 8006K, committed 8576K, reserved 1048576K
}
Event: 53.859 GC heap before
{Heap before GC invocations=41 (full 3):
 PSYoungGen      total 23552K, used 23063K [0x00000000d5580000, 0x00000000d7500000, 0x0000000100000000)
  eden space 22016K, 100% used [0x00000000d5580000,0x00000000d6b00000,0x00000000d6b00000)
  from space 1536K, 68% used [0x00000000d7300000,0x00000000d7405cf0,0x00000000d7480000)
  to   space 512K, 0% used [0x00000000d7480000,0x00000000d7480000,0x00000000d7500000)
 ParOldGen       total 68608K, used 42609K [0x0000000080000000, 0x0000000084300000, 0x00000000d5580000)
  object space 68608K, 62% used [0x0000000080000000,0x000000008299c4b0,0x0000000084300000)
 Metaspace       used 64178K, committed 65536K, reserved 1114112K
  class space    used 8006K, committed 8576K, reserved 1048576K
}
Event: 53.860 GC heap after
{Heap after GC invocations=41 (full 3):
 PSYoungGen      total 22528K, used 502K [0x00000000d5580000, 0x00000000d7500000, 0x0000000100000000)
  eden space 22016K, 0% used [0x00000000d5580000,0x00000000d5580000,0x00000000d6b00000)
  from space 512K, 98% used [0x00000000d7480000,0x00000000d74fd840,0x00000000d7500000)
  to   space 1024K, 0% used [0x00000000d7300000,0x00000000d7300000,0x00000000d7400000)
 ParOldGen       total 68608K, used 42877K [0x0000000080000000, 0x0000000084300000, 0x00000000d5580000)
  object space 68608K, 62% used [0x0000000080000000,0x00000000829df770,0x0000000084300000)
 Metaspace       used 64178K, committed 65536K, reserved 1114112K
  class space    used 8006K, committed 8576K, reserved 1048576K
}
Event: 53.934 GC heap before
{Heap before GC invocations=42 (full 3):
 PSYoungGen      total 22528K, used 22518K [0x00000000d5580000, 0x00000000d7500000, 0x0000000100000000)
  eden space 22016K, 100% used [0x00000000d5580000,0x00000000d6b00000,0x00000000d6b00000)
  from space 512K, 98% used [0x00000000d7480000,0x00000000d74fd840,0x00000000d7500000)
  to   space 1024K, 0% used [0x00000000d7300000,0x00000000d7300000,0x00000000d7400000)
 ParOldGen       total 68608K, used 42877K [0x0000000080000000, 0x0000000084300000, 0x00000000d5580000)
  object space 68608K, 62% used [0x0000000080000000,0x00000000829df770,0x0000000084300000)
 Metaspace       used 64178K, committed 65536K, reserved 1114112K
  class space    used 8006K, committed 8576K, reserved 1048576K
}
Event: 53.934 GC heap after
{Heap after GC invocations=42 (full 3):
 PSYoungGen      total 23040K, used 797K [0x00000000d5580000, 0x00000000d7500000, 0x0000000100000000)
  eden space 22016K, 0% used [0x00000000d5580000,0x00000000d5580000,0x00000000d6b00000)
  from space 1024K, 77% used [0x00000000d7300000,0x00000000d73c74f0,0x00000000d7400000)
  to   space 1024K, 0% used [0x00000000d7400000,0x00000000d7400000,0x00000000d7500000)
 ParOldGen       total 68608K, used 42893K [0x0000000080000000, 0x0000000084300000, 0x00000000d5580000)
  object space 68608K, 62% used [0x0000000080000000,0x00000000829e3770,0x0000000084300000)
 Metaspace       used 64178K, committed 65536K, reserved 1114112K
  class space    used 8006K, committed 8576K, reserved 1048576K
}
Event: 55.165 GC heap before
{Heap before GC invocations=43 (full 3):
 PSYoungGen      total 23040K, used 22813K [0x00000000d5580000, 0x00000000d7500000, 0x0000000100000000)
  eden space 22016K, 100% used [0x00000000d5580000,0x00000000d6b00000,0x00000000d6b00000)
  from space 1024K, 77% used [0x00000000d7300000,0x00000000d73c74f0,0x00000000d7400000)
  to   space 1024K, 0% used [0x00000000d7400000,0x00000000d7400000,0x00000000d7500000)
 ParOldGen       total 68608K, used 42893K [0x0000000080000000, 0x0000000084300000, 0x00000000d5580000)
  object space 68608K, 62% used [0x0000000080000000,0x00000000829e3770,0x0000000084300000)
 Metaspace       used 65150K, committed 66432K, reserved 1114112K
  class space    used 8147K, committed 8704K, reserved 1048576K
}
Event: 55.166 GC heap after
{Heap after GC invocations=43 (full 3):
 PSYoungGen      total 22528K, used 352K [0x00000000d5580000, 0x00000000d7480000, 0x0000000100000000)
  eden space 22016K, 0% used [0x00000000d5580000,0x00000000d5580000,0x00000000d6b00000)
  from space 512K, 68% used [0x00000000d7400000,0x00000000d7458000,0x00000000d7480000)
  to   space 1024K, 0% used [0x00000000d7280000,0x00000000d7280000,0x00000000d7380000)
 ParOldGen       total 68608K, used 42925K [0x0000000080000000, 0x0000000084300000, 0x00000000d5580000)
  object space 68608K, 62% used [0x0000000080000000,0x00000000829eb770,0x0000000084300000)
 Metaspace       used 65150K, committed 66432K, reserved 1114112K
  class space    used 8147K, committed 8704K, reserved 1048576K
}
Event: 57.202 GC heap before
{Heap before GC invocations=44 (full 3):
 PSYoungGen      total 22528K, used 22368K [0x00000000d5580000, 0x00000000d7480000, 0x0000000100000000)
  eden space 22016K, 100% used [0x00000000d5580000,0x00000000d6b00000,0x00000000d6b00000)
  from space 512K, 68% used [0x00000000d7400000,0x00000000d7458000,0x00000000d7480000)
  to   space 1024K, 0% used [0x00000000d7280000,0x00000000d7280000,0x00000000d7380000)
 ParOldGen       total 68608K, used 42925K [0x0000000080000000, 0x0000000084300000, 0x00000000d5580000)
  object space 68608K, 62% used [0x0000000080000000,0x00000000829eb770,0x0000000084300000)
 Metaspace       used 67135K, committed 68544K, reserved 1114112K
  class space    used 8446K, committed 9088K, reserved 1048576K
}
Event: 57.207 GC heap after
{Heap after GC invocations=44 (full 3):
 PSYoungGen      total 23040K, used 640K [0x00000000d5580000, 0x00000000d7480000, 0x0000000100000000)
  eden space 22016K, 0% used [0x00000000d5580000,0x00000000d5580000,0x00000000d6b00000)
  from space 1024K, 62% used [0x00000000d7280000,0x00000000d7320010,0x00000000d7380000)
  to   space 1024K, 0% used [0x00000000d7380000,0x00000000d7380000,0x00000000d7480000)
 ParOldGen       total 68608K, used 43205K [0x0000000080000000, 0x0000000084300000, 0x00000000d5580000)
  object space 68608K, 62% used [0x0000000080000000,0x0000000082a31480,0x0000000084300000)
 Metaspace       used 67135K, committed 68544K, reserved 1114112K
  class space    used 8446K, committed 9088K, reserved 1048576K
}
Event: 59.100 GC heap before
{Heap before GC invocations=45 (full 3):
 PSYoungGen      total 23040K, used 22656K [0x00000000d5580000, 0x00000000d7480000, 0x0000000100000000)
  eden space 22016K, 100% used [0x00000000d5580000,0x00000000d6b00000,0x00000000d6b00000)
  from space 1024K, 62% used [0x00000000d7280000,0x00000000d7320010,0x00000000d7380000)
  to   space 1024K, 0% used [0x00000000d7380000,0x00000000d7380000,0x00000000d7480000)
 ParOldGen       total 68608K, used 43205K [0x0000000080000000, 0x0000000084300000, 0x00000000d5580000)
  object space 68608K, 62% used [0x0000000080000000,0x0000000082a31480,0x0000000084300000)
 Metaspace       used 68213K, committed 69632K, reserved 1114112K
  class space    used 8580K, committed 9216K, reserved 1048576K
}
Event: 59.104 GC heap after
{Heap after GC invocations=45 (full 3):
 PSYoungGen      total 23040K, used 1020K [0x00000000d5580000, 0x00000000d7480000, 0x0000000100000000)
  eden space 22016K, 0% used [0x00000000d5580000,0x00000000d5580000,0x00000000d6b00000)
  from space 1024K, 99% used [0x00000000d7380000,0x00000000d747f308,0x00000000d7480000)
  to   space 2560K, 0% used [0x00000000d6f80000,0x00000000d6f80000,0x00000000d7200000)
 ParOldGen       total 68608K, used 44301K [0x0000000080000000, 0x0000000084300000, 0x00000000d5580000)
  object space 68608K, 64% used [0x0000000080000000,0x0000000082b43458,0x0000000084300000)
 Metaspace       used 68213K, committed 69632K, reserved 1114112K
  class space    used 8580K, committed 9216K, reserved 1048576K
}

